<?xml version="1.0" encoding="UTF-8"?>
<!-- Generated by org.testng.reporters.JUnitReportReporter -->
<testsuite hostname="Skynet" failures="0" tests="1" name="basicMaven.TiraTest" time="16.360" errors="0" timestamp="2024-01-18T09:59:59 IST" skipped="0">
  <testcase classname="basicMaven.TiraTest" name="PerfumeTest" time="16.360"/>
  <system-out/>
</testsuite> <!-- basicMaven.TiraTest -->
